# JRE version: Java(TM) SE Runtime Environment (8.0_05-b13) (build 1.8.0_05-b13)
# Java VM: Java HotSpot(TM) 64-Bit Server VM (25.5-b02 mixed mode windows-amd64 compressed oops)
Heap:
 PSYoungGen      total 52736K, used 39524K [0x00000007bc400000, 0x00000007c0000000, 0x00000007c0000000)
  eden space 44032K, 74% used [0x00000007bc400000,0x00000007be3f58c0,0x00000007bef00000)
  from space 8704K, 78% used [0x00000007bef00000,0x00000007bf5a37f8,0x00000007bf780000)
  to   space 8704K, 0% used [0x00000007bf780000,0x00000007bf780000,0x00000007c0000000)
 ParOldGen       total 274432K, used 158452K [0x0000000700000000, 0x0000000710c00000, 0x00000007bc400000)
  object space 274432K, 57% used [0x0000000700000000,0x0000000709abd178,0x0000000710c00000)
 Metaspace       used 67852K, capacity 68231K, committed 68864K, reserved 1107968K
  class space    used 10394K, capacity 10454K, committed 10496K, reserved 1048576K
GC Heap History (10 events):
Event: 1774.136 GC heap before
{Heap before GC invocations=169 (full 12):
 PSYoungGen      total 53760K, used 51616K [0x00000007bc400000, 0x00000007c0000000, 0x00000007c0000000)
  eden space 46080K, 100% used [0x00000007bc400000,0x00000007bf100000,0x00000007bf100000)
  from space 7680K, 72% used [0x00000007bf880000,0x00000007bfde8000,0x00000007c0000000)
  to   space 7680K, 0% used [0x00000007bf100000,0x00000007bf100000,0x00000007bf880000)
 ParOldGen       total 274432K, used 158452K [0x0000000700000000, 0x0000000710c00000, 0x00000007bc400000)
  object space 274432K, 57% used [0x0000000700000000,0x0000000709abd178,0x0000000710c00000)
 Metaspace       used 67742K, capacity 68167K, committed 68864K, reserved 1107968K
  class space    used 10394K, capacity 10454K, committed 10496K, reserved 1048576K
Event: 1774.142 GC heap after
Heap after GC invocations=169 (full 12):
 PSYoungGen      total 53760K, used 6762K [0x00000007bc400000, 0x00000007c0000000, 0x00000007c0000000)
  eden space 46080K, 0% used [0x00000007bc400000,0x00000007bc400000,0x00000007bf100000)
  from space 7680K, 88% used [0x00000007bf100000,0x00000007bf79aba0,0x00000007bf880000)
  to   space 7680K, 0% used [0x00000007bf880000,0x00000007bf880000,0x00000007c0000000)
 ParOldGen       total 274432K, used 158452K [0x0000000700000000, 0x0000000710c00000, 0x00000007bc400000)
  object space 274432K, 57% used [0x0000000700000000,0x0000000709abd178,0x0000000710c00000)
 Metaspace       used 67742K, capacity 68167K, committed 68864K, reserved 1107968K
  class space    used 10394K, capacity 10454K, committed 10496K, reserved 1048576K
}
Event: 1776.917 GC heap before
{Heap before GC invocations=170 (full 12):
 PSYoungGen      total 53760K, used 52842K [0x00000007bc400000, 0x00000007c0000000, 0x00000007c0000000)
  eden space 46080K, 100% used [0x00000007bc400000,0x00000007bf100000,0x00000007bf100000)
  from space 7680K, 88% used [0x00000007bf100000,0x00000007bf79aba0,0x00000007bf880000)
  to   space 7680K, 0% used [0x00000007bf880000,0x00000007bf880000,0x00000007c0000000)
 ParOldGen       total 274432K, used 158452K [0x0000000700000000, 0x0000000710c00000, 0x00000007bc400000)
  object space 274432K, 57% used [0x0000000700000000,0x0000000709abd178,0x0000000710c00000)
 Metaspace       used 67756K, capacity 68167K, committed 68864K, reserved 1107968K
  class space    used 10394K, capacity 10454K, committed 10496K, reserved 1048576K
Event: 1776.922 GC heap after
Heap after GC invocations=170 (full 12):
 PSYoungGen      total 52736K, used 6309K [0x00000007bc400000, 0x00000007c0000000, 0x00000007c0000000)
  eden space 45056K, 0% used [0x00000007bc400000,0x00000007bc400000,0x00000007bf000000)
  from space 7680K, 82% used [0x00000007bf880000,0x00000007bfea9788,0x00000007c0000000)
  to   space 8192K, 0% used [0x00000007bf000000,0x00000007bf000000,0x00000007bf800000)
 ParOldGen       total 274432K, used 158452K [0x0000000700000000, 0x0000000710c00000, 0x00000007bc400000)
  object space 274432K, 57% used [0x0000000700000000,0x0000000709abd178,0x0000000710c00000)
 Metaspace       used 67756K, capacity 68167K, committed 68864K, reserved 1107968K
  class space    used 10394K, capacity 10454K, committed 10496K, reserved 1048576K
}
Event: 1801.090 GC heap before
{Heap before GC invocations=171 (full 12):
 PSYoungGen      total 52736K, used 51365K [0x00000007bc400000, 0x00000007c0000000, 0x00000007c0000000)
  eden space 45056K, 100% used [0x00000007bc400000,0x00000007bf000000,0x00000007bf000000)
  from space 7680K, 82% used [0x00000007bf880000,0x00000007bfea9788,0x00000007c0000000)
  to   space 8192K, 0% used [0x00000007bf000000,0x00000007bf000000,0x00000007bf800000)
 ParOldGen       total 274432K, used 158452K [0x0000000700000000, 0x0000000710c00000, 0x00000007bc400000)
  object space 274432K, 57% used [0x0000000700000000,0x0000000709abd178,0x0000000710c00000)
 Metaspace       used 67792K, capacity 68167K, committed 68864K, reserved 1107968K
  class space    used 10394K, capacity 10454K, committed 10496K, reserved 1048576K
Event: 1801.096 GC heap after
Heap after GC invocations=171 (full 12):
 PSYoungGen      total 53248K, used 6690K [0x00000007bc400000, 0x00000007c0000000, 0x00000007c0000000)
  eden space 45056K, 0% used [0x00000007bc400000,0x00000007bc400000,0x00000007bf000000)
  from space 8192K, 81% used [0x00000007bf000000,0x00000007bf688bc8,0x00000007bf800000)
  to   space 8192K, 0% used [0x00000007bf800000,0x00000007bf800000,0x00000007c0000000)
 ParOldGen       total 274432K, used 158452K [0x0000000700000000, 0x0000000710c00000, 0x00000007bc400000)
  object space 274432K, 57% used [0x0000000700000000,0x0000000709abd178,0x0000000710c00000)
 Metaspace       used 67792K, capacity 68167K, committed 68864K, reserved 1107968K
  class space    used 10394K, capacity 10454K, committed 10496K, reserved 1048576K
}
Event: 1823.106 GC heap before
{Heap before GC invocations=172 (full 12):
 PSYoungGen      total 53248K, used 51746K [0x00000007bc400000, 0x00000007c0000000, 0x00000007c0000000)
  eden space 45056K, 100% used [0x00000007bc400000,0x00000007bf000000,0x00000007bf000000)
  from space 8192K, 81% used [0x00000007bf000000,0x00000007bf688bc8,0x00000007bf800000)
  to   space 8192K, 0% used [0x00000007bf800000,0x00000007bf800000,0x00000007c0000000)
 ParOldGen       total 274432K, used 158452K [0x0000000700000000, 0x0000000710c00000, 0x00000007bc400000)
  object space 274432K, 57% used [0x0000000700000000,0x0000000709abd178,0x0000000710c00000)
 Metaspace       used 67814K, capacity 68231K, committed 68864K, reserved 1107968K
  class space    used 10394K, capacity 10454K, committed 10496K, reserved 1048576K
Event: 1823.117 GC heap after
Heap after GC invocations=172 (full 12):
 PSYoungGen      total 52224K, used 7283K [0x00000007bc400000, 0x00000007c0000000, 0x00000007c0000000)
  eden space 44032K, 0% used [0x00000007bc400000,0x00000007bc400000,0x00000007bef00000)
  from space 8192K, 88% used [0x00000007bf800000,0x00000007bff1cc08,0x00000007c0000000)
  to   space 8704K, 0% used [0x00000007bef00000,0x00000007bef00000,0x00000007bf780000)
 ParOldGen       total 274432K, used 158452K [0x0000000700000000, 0x0000000710c00000, 0x00000007bc400000)
  object space 274432K, 57% used [0x0000000700000000,0x0000000709abd178,0x0000000710c00000)
 Metaspace       used 67814K, capacity 68231K, committed 68864K, reserved 1107968K
  class space    used 10394K, capacity 10454K, committed 10496K, reserved 1048576K
}
Event: 1826.905 GC heap before
{Heap before GC invocations=173 (full 12):
 PSYoungGen      total 52224K, used 51315K [0x00000007bc400000, 0x00000007c0000000, 0x00000007c0000000)
  eden space 44032K, 100% used [0x00000007bc400000,0x00000007bef00000,0x00000007bef00000)
  from space 8192K, 88% used [0x00000007bf800000,0x00000007bff1cc08,0x00000007c0000000)
  to   space 8704K, 0% used [0x00000007bef00000,0x00000007bef00000,0x00000007bf780000)
 ParOldGen       total 274432K, used 158452K [0x0000000700000000, 0x0000000710c00000, 0x00000007bc400000)
  object space 274432K, 57% used [0x0000000700000000,0x0000000709abd178,0x0000000710c00000)
 Metaspace       used 67835K, capacity 68231K, committed 68864K, reserved 1107968K
  class space    used 10394K, capacity 10454K, committed 10496K, reserved 1048576K
Event: 1826.910 GC heap after
Heap after GC invocations=173 (full 12):
 PSYoungGen      total 52736K, used 6797K [0x00000007bc400000, 0x00000007c0000000, 0x00000007c0000000)
  eden space 44032K, 0% used [0x00000007bc400000,0x00000007bc400000,0x00000007bef00000)
  from space 8704K, 78% used [0x00000007bef00000,0x00000007bf5a37f8,0x00000007bf780000)
  to   space 8704K, 0% used [0x00000007bf780000,0x00000007bf780000,0x00000007c0000000)
 ParOldGen       total 274432K, used 158452K [0x0000000700000000, 0x0000000710c00000, 0x00000007bc400000)
  object space 274432K, 57% used [0x0000000700000000,0x0000000709abd178,0x0000000710c00000)
 Metaspace       used 67835K, capacity 68231K, committed 68864K, reserved 1107968K
  class space    used 10394K, capacity 10454K, committed 10496K, reserved 1048576K
}

